0 info it worked if it ends with ok
1 verbose cli [ 'C:\\Program Files\\nodejs\\\\node.exe',
1 verbose cli   'C:\\Program Files\\nodejs\\node_modules\\npm\\bin\\npm-cli.js',
1 verbose cli   'version',
1 verbose cli   'minor' ]
2 info using npm@2.11.3
3 info using node@v0.12.7
4 info preversion mithink@1.1.0
5 info git [ 'status', '--porcelain' ]
6 verbose stack Error: Error: Git working directory not clean.
6 verbose stack M Cakefile
6 verbose stack M lib/server/index.js
6 verbose stack M src/client/extensions.coffee
6 verbose stack M src/index.coffee
6 verbose stack M src/server/index.coffee
6 verbose stack D src/server/thinky.coffee
6 verbose stack     at C:\Program Files\nodejs\node_modules\npm\lib\version.js:71:23
6 verbose stack     at C:\Program Files\nodejs\node_modules\npm\lib\version.js:151:34
6 verbose stack     at ChildProcess.exithandler (child_process.js:742:7)
6 verbose stack     at ChildProcess.emit (events.js:110:17)
6 verbose stack     at maybeClose (child_process.js:1015:16)
6 verbose stack     at Socket.<anonymous> (child_process.js:1183:11)
6 verbose stack     at Socket.emit (events.js:107:17)
6 verbose stack     at Pipe.close (net.js:485:12)
7 verbose cwd C:\dev\npm-modules\mithink
8 error Windows_NT 6.1.7601
9 error argv "C:\\Program Files\\nodejs\\\\node.exe" "C:\\Program Files\\nodejs\\node_modules\\npm\\bin\\npm-cli.js" "version" "minor"
10 error node v0.12.7
11 error npm  v2.11.3
12 error Error: Git working directory not clean.
12 error M Cakefile
12 error M lib/server/index.js
12 error M src/client/extensions.coffee
12 error M src/index.coffee
12 error M src/server/index.coffee
12 error D src/server/thinky.coffee
13 error If you need help, you may report this error at:
13 error     <https://github.com/npm/npm/issues>
14 verbose exit [ 1, true ]
